Microsoft HTML Help Compiler 4.74.8702

Compiling d:\CHM-FILES\USER_MANUAL.chm


Compile time: 0 minutes, 0 seconds
1	Topic
12	Local links
0	Internet links
1	Graphic


Created d:\CHM-FILES\USER_MANUAL.chm, 44,620 bytes
Compression increased file by 4,955 bytes.
Microsoft HTML Help Compiler 4.74.8702

Compiling d:\CHM-FILES\USER_MANUAL.chm


Compile time: 0 minutes, 0 seconds
1	Topic
24	Local links
0	Internet links
1	Graphic


Created d:\CHM-FILES\USER_MANUAL.chm, 44,744 bytes
Compression increased file by 3,326 bytes.
HHC5010: Error: Cannot open "d:\CHM-FILES\USER_MANUAL.chm". Compilation stopped.
Microsoft HTML Help Compiler 4.74.8702

Compiling d:\CHM-FILES\USER_MANUAL.chm


Compile time: 0 minutes, 0 seconds
1	Topic
16	Local links
0	Internet links
1	Graphic


Created d:\CHM-FILES\USER_MANUAL.chm, 44,654 bytes
Compression increased file by 4,392 bytes.
Microsoft HTML Help Compiler 4.74.8702

Compiling d:\CHM-FILES\USER_MANUAL.chm


Compile time: 0 minutes, 0 seconds
1	Topic
19	Local links
0	Internet links
1	Graphic


Created d:\CHM-FILES\USER_MANUAL.chm, 44,684 bytes
Compression increased file by 3,991 bytes.
HHC5010: Error: Cannot open "d:\CHM-FILES\USER_MANUAL.chm". Compilation stopped.
HHC5010: Error: Cannot open "d:\CHM-FILES\USER_MANUAL.chm". Compilation stopped.
Microsoft HTML Help Compiler 4.74.8702

Compiling d:\CHM-FILES\USER_MANUAL.chm


Compile time: 0 minutes, 0 seconds
1	Topic
15	Local links
0	Internet links
1	Graphic


Created d:\CHM-FILES\USER_MANUAL.chm, 44,642 bytes
Compression increased file by 4,553 bytes.
Microsoft HTML Help Compiler 4.74.8702

Compiling d:\CHM-FILES\USER_MANUAL.chm


Compile time: 0 minutes, 0 seconds
1	Topic
15	Local links
0	Internet links
1	Graphic


Created d:\CHM-FILES\USER_MANUAL.chm, 44,646 bytes
Compression increased file by 4,561 bytes.
Microsoft HTML Help Compiler 4.74.8702

Compiling d:\CHM-FILES\USER_MANUAL.chm


Compile time: 0 minutes, 0 seconds
1	Topic
16	Local links
0	Internet links
1	Graphic


Created d:\CHM-FILES\USER_MANUAL.chm, 44,656 bytes
Compression increased file by 4,420 bytes.
Microsoft HTML Help Compiler 4.74.8702

Compiling d:\CHM-FILES\USER_MANUAL.chm


Compile time: 0 minutes, 0 seconds
1	Topic
23	Local links
0	Internet links
1	Graphic


Created d:\CHM-FILES\USER_MANUAL.chm, 44,748 bytes
Compression increased file by 3,489 bytes.
Microsoft HTML Help Compiler 4.74.8702

Compiling d:\CHM-FILES\USER_MANUAL.chm


Compile time: 0 minutes, 0 seconds
1	Topic
39	Local links
0	Internet links
1	Graphic


Created d:\CHM-FILES\USER_MANUAL.chm, 44,896 bytes
Compression increased file by 1,308 bytes.
Microsoft HTML Help Compiler 4.74.8702

Compiling d:\CHM-FILES\USER_MANUAL.chm


Compile time: 0 minutes, 0 seconds
2	Topics
41	Local links
0	Internet links
1	Graphic


Created d:\CHM-FILES\USER_MANUAL.chm, 45,408 bytes
Compression increased file by 498 bytes.
Microsoft HTML Help Compiler 4.74.8702

Compiling d:\CHM-FILES\USER_MANUAL.chm


Compile time: 0 minutes, 0 seconds
2	Topics
41	Local links
0	Internet links
1	Graphic


Created d:\CHM-FILES\USER_MANUAL.chm, 45,396 bytes
Compression increased file by 511 bytes.
Microsoft HTML Help Compiler 4.74.8702

Compiling d:\CHM-FILES\USER_MANUAL.chm


Compile time: 0 minutes, 0 seconds
2	Topics
41	Local links
0	Internet links
1	Graphic


Created d:\CHM-FILES\USER_MANUAL.chm, 45,404 bytes
Compression increased file by 476 bytes.
Microsoft HTML Help Compiler 4.74.8702

Compiling d:\CHM-FILES\USER_MANUAL.chm


Compile time: 0 minutes, 0 seconds
2	Topics
41	Local links
0	Internet links
1	Graphic


Created d:\CHM-FILES\USER_MANUAL.chm, 45,404 bytes
Compression increased file by 476 bytes.
Microsoft HTML Help Compiler 4.74.8702

Compiling d:\CHM-FILES\USER_MANUAL.chm


Compile time: 0 minutes, 0 seconds
2	Topics
41	Local links
0	Internet links
2	Graphics


Created d:\CHM-FILES\USER_MANUAL.chm, 64,118 bytes
Compression decreased file by 28,722 bytes.
Microsoft HTML Help Compiler 4.74.8702

Compiling d:\CHM-FILES\USER_MANUAL.chm


Compile time: 0 minutes, 0 seconds
2	Topics
41	Local links
0	Internet links
2	Graphics


Created d:\CHM-FILES\USER_MANUAL.chm, 64,132 bytes
Compression decreased file by 28,733 bytes.
Microsoft HTML Help Compiler 4.74.8702

Compiling d:\CHM-FILES\USER_MANUAL.chm


Compile time: 0 minutes, 0 seconds
2	Topics
41	Local links
0	Internet links
2	Graphics


Created d:\CHM-FILES\USER_MANUAL.chm, 64,134 bytes
Compression decreased file by 28,719 bytes.
Microsoft HTML Help Compiler 4.74.8702

Compiling d:\CHM-FILES\USER_MANUAL.chm


Compile time: 0 minutes, 0 seconds
2	Topics
41	Local links
0	Internet links
2	Graphics


Created d:\CHM-FILES\USER_MANUAL.chm, 64,216 bytes
Compression decreased file by 28,997 bytes.
Microsoft HTML Help Compiler 4.74.8702

Compiling d:\CHM-FILES\USER_MANUAL.chm


Compile time: 0 minutes, 0 seconds
2	Topics
41	Local links
0	Internet links
3	Graphics


Created d:\CHM-FILES\USER_MANUAL.chm, 105,318 bytes
Compression decreased file by 51,284 bytes.
Microsoft HTML Help Compiler 4.74.8702

Compiling d:\CHM-FILES\USER_MANUAL.chm


Compile time: 0 minutes, 0 seconds
2	Topics
41	Local links
0	Internet links
3	Graphics


Created d:\CHM-FILES\USER_MANUAL.chm, 105,320 bytes
Compression decreased file by 51,297 bytes.
Microsoft HTML Help Compiler 4.74.8702

Compiling d:\CHM-FILES\USER_MANUAL.chm


Compile time: 0 minutes, 0 seconds
3	Topics
41	Local links
0	Internet links
3	Graphics


Created d:\CHM-FILES\USER_MANUAL.chm, 105,480 bytes
Compression decreased file by 51,588 bytes.
Microsoft HTML Help Compiler 4.74.8702

Compiling d:\CHM-FILES\USER_MANUAL.chm


Compile time: 0 minutes, 0 seconds
3	Topics
41	Local links
0	Internet links
3	Graphics


Created d:\CHM-FILES\USER_MANUAL.chm, 105,486 bytes
Compression decreased file by 51,604 bytes.
Microsoft HTML Help Compiler 4.74.8702

Compiling d:\CHM-FILES\USER_MANUAL.chm


Compile time: 0 minutes, 0 seconds
3	Topics
41	Local links
0	Internet links
3	Graphics


Created d:\CHM-FILES\USER_MANUAL.chm, 105,486 bytes
Compression decreased file by 51,604 bytes.
Microsoft HTML Help Compiler 4.74.8702

Compiling d:\CHM-FILES\USER_MANUAL.chm


Compile time: 0 minutes, 0 seconds
3	Topics
41	Local links
0	Internet links
3	Graphics


Created d:\CHM-FILES\USER_MANUAL.chm, 105,486 bytes
Compression decreased file by 51,604 bytes.
Microsoft HTML Help Compiler 4.74.8702

Compiling d:\CHM-FILES\USER_MANUAL.chm


Compile time: 0 minutes, 0 seconds
4	Topics
41	Local links
0	Internet links
3	Graphics


Created d:\CHM-FILES\USER_MANUAL.chm, 105,700 bytes
Compression decreased file by 51,945 bytes.
Microsoft HTML Help Compiler 4.74.8702

Compiling d:\CHM-FILES\USER_MANUAL.chm


Compile time: 0 minutes, 0 seconds
4	Topics
41	Local links
0	Internet links
4	Graphics


Created d:\CHM-FILES\USER_MANUAL.chm, 163,924 bytes
Compression decreased file by 84,007 bytes.
Microsoft HTML Help Compiler 4.74.8702

Compiling d:\CHM-FILES\USER_MANUAL.chm


Compile time: 0 minutes, 0 seconds
4	Topics
41	Local links
0	Internet links
6	Graphics


Created d:\CHM-FILES\USER_MANUAL.chm, 284,822 bytes
Compression decreased file by 170,995 bytes.
Microsoft HTML Help Compiler 4.74.8702

Compiling d:\CHM-FILES\USER_MANUAL.chm


Compile time: 0 minutes, 0 seconds
4	Topics
41	Local links
0	Internet links
6	Graphics


Created d:\CHM-FILES\USER_MANUAL.chm, 292,370 bytes
Compression decreased file by 160,597 bytes.
Microsoft HTML Help Compiler 4.74.8702

Compiling d:\CHM-FILES\USER_MANUAL.chm


Compile time: 0 minutes, 0 seconds
4	Topics
41	Local links
0	Internet links
6	Graphics


Created d:\CHM-FILES\USER_MANUAL.chm, 292,374 bytes
Compression decreased file by 160,593 bytes.
Microsoft HTML Help Compiler 4.74.8702

Compiling d:\CHM-FILES\USER_MANUAL.chm


Compile time: 0 minutes, 0 seconds
4	Topics
41	Local links
0	Internet links
6	Graphics


Created d:\CHM-FILES\USER_MANUAL.chm, 292,630 bytes
Compression decreased file by 160,949 bytes.
Microsoft HTML Help Compiler 4.74.8702

Compiling d:\CHM-FILES\USER_MANUAL.chm


Compile time: 0 minutes, 0 seconds
4	Topics
41	Local links
0	Internet links
8	Graphics


Created d:\CHM-FILES\USER_MANUAL.chm, 343,432 bytes
Compression decreased file by 198,250 bytes.
Microsoft HTML Help Compiler 4.74.8702

Compiling d:\CHM-FILES\USER_MANUAL.chm


Compile time: 0 minutes, 0 seconds
4	Topics
41	Local links
0	Internet links
8	Graphics


Created d:\CHM-FILES\USER_MANUAL.chm, 343,422 bytes
Compression decreased file by 198,266 bytes.
Microsoft HTML Help Compiler 4.74.8702

Compiling d:\CHM-FILES\USER_MANUAL.chm


Compile time: 0 minutes, 0 seconds
4	Topics
41	Local links
0	Internet links
8	Graphics


Created d:\CHM-FILES\USER_MANUAL.chm, 343,428 bytes
Compression decreased file by 198,284 bytes.
Microsoft HTML Help Compiler 4.74.8702

Compiling d:\CHM-FILES\USER_MANUAL.chm


Compile time: 0 minutes, 0 seconds
4	Topics
41	Local links
0	Internet links
9	Graphics


Created d:\CHM-FILES\USER_MANUAL.chm, 378,326 bytes
Compression decreased file by 204,361 bytes.
Microsoft HTML Help Compiler 4.74.8702

Compiling d:\CHM-FILES\USER_MANUAL.chm


Compile time: 0 minutes, 0 seconds
4	Topics
41	Local links
0	Internet links
9	Graphics


Created d:\CHM-FILES\USER_MANUAL.chm, 378,326 bytes
Compression decreased file by 204,368 bytes.
Microsoft HTML Help Compiler 4.74.8702

Compiling d:\CHM-FILES\USER_MANUAL.chm


Compile time: 0 minutes, 0 seconds
4	Topics
41	Local links
0	Internet links
10	Graphics


Created d:\CHM-FILES\USER_MANUAL.chm, 418,394 bytes
Compression decreased file by 207,661 bytes.
Microsoft HTML Help Compiler 4.74.8702

Compiling d:\CHM-FILES\USER_MANUAL.chm


Compile time: 0 minutes, 0 seconds
4	Topics
41	Local links
0	Internet links
10	Graphics


Created d:\CHM-FILES\USER_MANUAL.chm, 418,392 bytes
Compression decreased file by 207,664 bytes.
Microsoft HTML Help Compiler 4.74.8702

Compiling d:\CHM-FILES\USER_MANUAL.chm


Compile time: 0 minutes, 0 seconds
4	Topics
41	Local links
0	Internet links
11	Graphics


Created d:\CHM-FILES\USER_MANUAL.chm, 451,942 bytes
Compression decreased file by 232,931 bytes.
Microsoft HTML Help Compiler 4.74.8702

Compiling d:\CHM-FILES\USER_MANUAL.chm


Compile time: 0 minutes, 0 seconds
4	Topics
41	Local links
0	Internet links
11	Graphics


Created d:\CHM-FILES\USER_MANUAL.chm, 451,958 bytes
Compression decreased file by 232,922 bytes.
Microsoft HTML Help Compiler 4.74.8702

Compiling d:\CHM-FILES\USER_MANUAL.chm


Compile time: 0 minutes, 0 seconds
4	Topics
41	Local links
0	Internet links
11	Graphics


Created d:\CHM-FILES\USER_MANUAL.chm, 451,958 bytes
Compression decreased file by 232,922 bytes.
Microsoft HTML Help Compiler 4.74.8702

Compiling d:\CHM-FILES\USER_MANUAL.chm


Compile time: 0 minutes, 0 seconds
4	Topics
41	Local links
0	Internet links
11	Graphics


Created d:\CHM-FILES\USER_MANUAL.chm, 452,410 bytes
Compression decreased file by 233,128 bytes.
Microsoft HTML Help Compiler 4.74.8702

Compiling d:\CHM-FILES\USER_MANUAL.chm


Compile time: 0 minutes, 0 seconds
4	Topics
41	Local links
0	Internet links
12	Graphics


Created d:\CHM-FILES\USER_MANUAL.chm, 500,342 bytes
Compression decreased file by 263,164 bytes.
Microsoft HTML Help Compiler 4.74.8702

Compiling d:\CHM-FILES\USER_MANUAL.chm


Compile time: 0 minutes, 0 seconds
4	Topics
41	Local links
0	Internet links
14	Graphics


Created d:\CHM-FILES\USER_MANUAL.chm, 555,870 bytes
Compression decreased file by 304,638 bytes.
Microsoft HTML Help Compiler 4.74.8702

Compiling d:\CHM-FILES\USER_MANUAL.chm


Compile time: 0 minutes, 0 seconds
4	Topics
41	Local links
0	Internet links
14	Graphics


Created d:\CHM-FILES\USER_MANUAL.chm, 555,888 bytes
Compression decreased file by 304,492 bytes.
Microsoft HTML Help Compiler 4.74.8702

Compiling d:\CHM-FILES\USER_MANUAL.chm


Compile time: 0 minutes, 0 seconds
9	Topics
41	Local links
0	Internet links
14	Graphics


Created d:\CHM-FILES\USER_MANUAL.chm, 555,424 bytes
Compression decreased file by 323,855 bytes.
Microsoft HTML Help Compiler 4.74.8702

Compiling d:\CHM-FILES\USER_MANUAL.chm


Compile time: 0 minutes, 0 seconds
9	Topics
41	Local links
0	Internet links
14	Graphics


Created d:\CHM-FILES\USER_MANUAL.chm, 555,424 bytes
Compression decreased file by 323,855 bytes.
Microsoft HTML Help Compiler 4.74.8702

Compiling d:\CHM-FILES\USER_MANUAL.chm

HHC5013: Error: URL reference in the TOC cannot be resolved: "batch-processing-intro.htm".
HHC5013: Error: URL reference in the TOC cannot be resolved: "batch-processing-intro.htm".
HHC5013: Error: URL reference in the TOC cannot be resolved: "batch-types.htm".


The following files were not compiled:
Microsoft HTML Help Compiler 4.74.8702

Compiling d:\CHM-FILES\USER_MANUAL.chm

HHC5013: Error: URL reference in the TOC cannot be resolved: "batch-processing-intro.htm".
HHC5013: Error: URL reference in the TOC cannot be resolved: "batch-processing-intro.htm".
HHC5013: Error: URL reference in the TOC cannot be resolved: "batch-types.htm".


The following files were not compiled:
Microsoft HTML Help Compiler 4.74.8702

Compiling d:\CHM-FILES\USER_MANUAL.chm

HHC5013: Error: URL reference in the TOC cannot be resolved: "batch-processing-intro.htm".
HHC5013: Error: URL reference in the TOC cannot be resolved: "batch-processing-intro.htm".
HHC5013: Error: URL reference in the TOC cannot be resolved: "batch-types.htm".


The following files were not compiled:
Microsoft HTML Help Compiler 4.74.8702

Compiling d:\CHM-FILES\USER_MANUAL.chm

HHC5013: Error: URL reference in the TOC cannot be resolved: "batch-processing-intro.htm".
HHC5013: Error: URL reference in the TOC cannot be resolved: "batch-processing-intro.htm".
HHC5013: Error: URL reference in the TOC cannot be resolved: "batch-types.htm".


The following files were not compiled:
Microsoft HTML Help Compiler 4.74.8702

Compiling d:\CHM-FILES\USER_MANUAL.chm

HHC5013: Error: URL reference in the TOC cannot be resolved: "batch-processing-intro.htm".
HHC5013: Error: URL reference in the TOC cannot be resolved: "batch-processing-intro.htm".
HHC5013: Error: URL reference in the TOC cannot be resolved: "batch-types.htm".


The following files were not compiled:
Microsoft HTML Help Compiler 4.74.8702

Compiling d:\CHM-FILES\USER_MANUAL.chm

HHC5013: Error: URL reference in the TOC cannot be resolved: "batch-processing-intro.htm".
HHC5013: Error: URL reference in the TOC cannot be resolved: "batch-processing-intro.htm".
HHC5013: Error: URL reference in the TOC cannot be resolved: "batch-types.htm".


The following files were not compiled:
Microsoft HTML Help Compiler 4.74.8702

Compiling d:\CHM-FILES\USER_MANUAL.chm

HHC5013: Error: URL reference in the TOC cannot be resolved: "batch-processing-intro.htm".
HHC5013: Error: URL reference in the TOC cannot be resolved: "batch-processing-intro.htm".
HHC5013: Error: URL reference in the TOC cannot be resolved: "batch-types.htm".


The following files were not compiled:
Microsoft HTML Help Compiler 4.74.8702

Compiling d:\CHM-FILES\USER_MANUAL.chm

HHC5013: Error: URL reference in the TOC cannot be resolved: "batch-processing-intro.htm".
HHC5013: Error: URL reference in the TOC cannot be resolved: "batch-processing-intro.htm".
HHC5013: Error: URL reference in the TOC cannot be resolved: "batch-types.htm".


The following files were not compiled:
Microsoft HTML Help Compiler 4.74.8702

Compiling d:\CHM-FILES\USER_MANUAL.chm

HHC5013: Error: URL reference in the TOC cannot be resolved: "batch-processing-intro.htm".
HHC5013: Error: URL reference in the TOC cannot be resolved: "batch-processing-intro.htm".
HHC5013: Error: URL reference in the TOC cannot be resolved: "batch-types.htm".


The following files were not compiled:
Microsoft HTML Help Compiler 4.74.8702

Compiling d:\CHM-FILES\USER_MANUAL.chm

HHC5013: Error: URL reference in the TOC cannot be resolved: "batch-processing-intro.htm".


The following files were not compiled:
Microsoft HTML Help Compiler 4.74.8702

Compiling d:\CHM-FILES\USER_MANUAL.chm

HHC5013: Error: URL reference in the TOC cannot be resolved: "batch-processing-intro.htm".


The following files were not compiled:
Microsoft HTML Help Compiler 4.74.8702

Compiling d:\CHM-FILES\USER_MANUAL.chm

HHC5013: Error: URL reference in the TOC cannot be resolved: "batch-processing-intro.htm".


The following files were not compiled:
Microsoft HTML Help Compiler 4.74.8702

Compiling d:\CHM-FILES\USER_MANUAL.chm

HHC5013: Error: URL reference in the TOC cannot be resolved: "batch-processing-intro.htm".


The following files were not compiled:
Microsoft HTML Help Compiler 4.74.8702

Compiling d:\CHM-FILES\USER_MANUAL.chm

HHC5013: Error: URL reference in the TOC cannot be resolved: "batch-processing-intro.htm".


The following files were not compiled:
HHC5010: Error: Cannot open "d:\CHM-FILES\USER_MANUAL.chm". Compilation stopped.
Microsoft HTML Help Compiler 4.74.8702

Compiling d:\CHM-FILES\USER_MANUAL.chm

HHC1000: Note: preface.htm : An empty HTML tag has been used.
HHC5013: Error: URL reference in the TOC cannot be resolved: "batch-processing-intro.htm".


The following files were not compiled:
Microsoft HTML Help Compiler 4.74.8702

Compiling d:\CHM-FILES\USER_MANUAL.chm

HHC1000: Note: preface.htm : An empty HTML tag has been used.
HHC5013: Error: URL reference in the TOC cannot be resolved: "batch-processing-intro.htm".


The following files were not compiled:
Microsoft HTML Help Compiler 4.74.8702

Compiling d:\CHM-FILES\USER_MANUAL.chm

HHC1000: Note: preface.htm : An empty HTML tag has been used.
HHC5013: Error: URL reference in the TOC cannot be resolved: "batch-processing-intro.htm".


The following files were not compiled:
Microsoft HTML Help Compiler 4.74.8702

Compiling d:\CHM-FILES\USER_MANUAL.chm

HHC1000: Note: preface.htm : An empty HTML tag has been used.
HHC5013: Error: URL reference in the TOC cannot be resolved: "batch-processing-intro.htm".


The following files were not compiled:
Microsoft HTML Help Compiler 4.74.8702

Compiling d:\CHM-FILES\USER_MANUAL.chm

HHC1000: Note: preface.htm : An empty HTML tag has been used.
HHC5013: Error: URL reference in the TOC cannot be resolved: "batch-processing-intro.htm".


The following files were not compiled:
Microsoft HTML Help Compiler 4.74.8702

Compiling d:\CHM-FILES\USER_MANUAL.chm

HHC1000: Note: preface.htm : An empty HTML tag has been used.
HHC5013: Error: URL reference in the TOC cannot be resolved: "batch-processing-intro.htm".


The following files were not compiled:
Microsoft HTML Help Compiler 4.74.8702

Compiling d:\CHM-FILES\USER_MANUAL.chm

HHC1000: Note: preface.htm : An empty HTML tag has been used.
HHC5013: Error: URL reference in the TOC cannot be resolved: "batch-processing-intro.htm".


The following files were not compiled:
Microsoft HTML Help Compiler 4.74.8702

Compiling d:\CHM-FILES\USER_MANUAL.chm

HHC1000: Note: preface.htm : An empty HTML tag has been used.
HHC5013: Error: URL reference in the TOC cannot be resolved: "batch-processing-intro.htm".


The following files were not compiled:
Microsoft HTML Help Compiler 4.74.8702

Compiling d:\CHM-FILES\USER_MANUAL.chm

HHC1000: Note: preface.htm : An empty HTML tag has been used.
HHC5013: Error: URL reference in the TOC cannot be resolved: "batch-processing-intro.htm".


The following files were not compiled:
Microsoft HTML Help Compiler 4.74.8702

Compiling d:\CHM-FILES\USER_MANUAL.chm

HHC1000: Note: preface.htm : An empty HTML tag has been used.
HHC5013: Error: URL reference in the TOC cannot be resolved: "batch-processing-intro.htm".


The following files were not compiled:
Microsoft HTML Help Compiler 4.74.8702

Compiling d:\CHM-FILES\USER_MANUAL.chm

HHC1000: Note: preface.htm : An empty HTML tag has been used.
HHC5013: Error: URL reference in the TOC cannot be resolved: "batch-processing-intro.htm".


The following files were not compiled:
